
> frontend@0.1.0 dev
> next dev

  ▲ Next.js 14.2.35
  - Local:        http://localhost:3000
  - Environments: .env

 ✓ Starting...
 ✓ Ready in 2.9s
 ○ Compiling /login ...
 ✓ Compiled /login in 7.9s (758 modules)
 GET /login 200 in 8779ms
 ✓ Compiled in 880ms (342 modules)
 GET /login 200 in 41ms
 ○ Compiling / ...
 ✓ Compiled / in 740ms (747 modules)
 ✓ Compiled in 4.5s (347 modules)
 ○ Compiling /register ...
 ✓ Compiled /register in 1515ms (746 modules)
 GET /register 200 in 1932ms
 ✓ Compiled / in 342ms (418 modules)
 ✓ Compiled in 3.6s (746 modules)
 ✓ Compiled in 482ms (349 modules)
 ✓ Compiled in 1522ms (746 modules)
 ✓ Compiled in 540ms (349 modules)
 ✓ Compiled in 1861ms (746 modules)
 ✓ Compiled in 2.2s (746 modules)
 ✓ Compiled in 812ms (760 modules)
 ✓ Compiled in 694ms (760 modules)
 GET /register 200 in 334ms
 ○ Compiling / ...
 ✓ Compiled / in 872ms (418 modules)
 ✓ Compiled in 2.1s (760 modules)
 ✓ Compiled in 652ms (760 modules)
 GET /register 200 in 266ms
 ✓ Compiled / in 415ms (418 modules)
 ✓ Compiled in 3.4s (760 modules)
 GET /register 200 in 265ms
 ✓ Compiled / in 410ms (418 modules)
 GET / 200 in 120ms
