==================================================
Starting AI Personal Operations Manager (Local)
==================================================

[1/3] Setting up Backend...
Creating backend .env from .env.example...
Creating virtual environment...
Installing backend dependencies...
Collecting fastapi (from -r requirements.txt (line 1))
  Downloading fastapi-0.135.3-py3-none-any.whl.metadata (28 kB)
Collecting uvicorn (from -r requirements.txt (line 2))
  Downloading uvicorn-0.42.0-py3-none-any.whl.metadata (6.7 kB)
Collecting google-cloud-aiplatform (from -r requirements.txt (line 3))
  Downloading google_cloud_aiplatform-1.145.0-py2.py3-none-any.whl.metadata (47 kB)
Collecting google-cloud-bigquery (from -r requirements.txt (line 4))
  Downloading google_cloud_bigquery-3.41.0-py3-none-any.whl.metadata (8.2 kB)
Collecting pydantic (from -r requirements.txt (line 5))
  Downloading pydantic-2.12.5-py3-none-any.whl.metadata (90 kB)
Collecting python-dotenv (from -r requirements.txt (line 6))
  Downloading python_dotenv-1.2.2-py3-none-any.whl.metadata (27 kB)
Collecting pydantic-settings (from -r requirements.txt (line 7))
  Downloading pydantic_settings-2.13.1-py3-none-any.whl.metadata (3.4 kB)
Collecting pyjwt (from -r requirements.txt (line 9))
  Downloading pyjwt-2.12.1-py3-none-any.whl.metadata (4.1 kB)
Collecting python-multipart (from -r requirements.txt (line 10))
  Downloading python_multipart-0.0.22-py3-none-any.whl.metadata (1.8 kB)
Collecting passlib[bcrypt] (from -r requirements.txt (line 8))
  Downloading passlib-1.7.4-py2.py3-none-any.whl.metadata (1.7 kB)
Collecting starlette>=0.46.0 (from fastapi->-r requirements.txt (line 1))
  Downloading starlette-1.0.0-py3-none-any.whl.metadata (6.3 kB)
Collecting typing-extensions>=4.8.0 (from fastapi->-r requirements.txt (line 1))
  Using cached typing_extensions-4.15.0-py3-none-any.whl.metadata (3.3 kB)
Collecting typing-inspection>=0.4.2 (from fastapi->-r requirements.txt (line 1))
  Downloading typing_inspection-0.4.2-py3-none-any.whl.metadata (2.6 kB)
Collecting annotated-doc>=0.0.2 (from fastapi->-r requirements.txt (line 1))
  Downloading annotated_doc-0.0.4-py3-none-any.whl.metadata (6.6 kB)
Collecting click>=7.0 (from uvicorn->-r requirements.txt (line 2))
  Using cached click-8.3.1-py3-none-any.whl.metadata (2.6 kB)
Collecting h11>=0.8 (from uvicorn->-r requirements.txt (line 2))
  Using cached h11-0.16.0-py3-none-any.whl.metadata (8.3 kB)
Collecting google-api-core!=2.0.*,!=2.1.*,!=2.2.*,!=2.3.*,!=2.4.*,!=2.5.*,!=2.6.*,!=2.7.*,<3.0.0,>=1.34.1 (from google-api-core[grpc]!=2.0.*,!=2.1.*,!=2.2.*,!=2.3.*,!=2.4.*,!=2.5.*,!=2.6.*,!=2.7.*,<3.0.0,>=1.34.1->google-cloud-aiplatform->-r requirements.txt (line 3))
  Downloading google_api_core-2.30.2-py3-none-any.whl.metadata (3.1 kB)
Collecting google-auth<3.0.0,>=2.47.0 (from google-cloud-aiplatform->-r requirements.txt (line 3))
  Downloading google_auth-2.49.1-py3-none-any.whl.metadata (6.2 kB)
Collecting proto-plus<2.0.0,>=1.22.3 (from google-cloud-aiplatform->-r requirements.txt (line 3))
  Downloading proto_plus-1.27.2-py3-none-any.whl.metadata (2.2 kB)
Collecting protobuf!=4.21.0,!=4.21.1,!=4.21.2,!=4.21.3,!=4.21.4,!=4.21.5,<7.0.0,>=3.20.2 (from google-cloud-aiplatform->-r requirements.txt (line 3))
  Downloading protobuf-6.33.6-cp39-abi3-manylinux2014_x86_64.whl.metadata (593 bytes)
Collecting packaging>=14.3 (from google-cloud-aiplatform->-r requirements.txt (line 3))
  Using cached packaging-26.0-py3-none-any.whl.metadata (3.3 kB)
Collecting google-cloud-storage<4.0.0,>=1.32.0 (from google-cloud-aiplatform->-r requirements.txt (line 3))
  Downloading google_cloud_storage-3.10.1-py3-none-any.whl.metadata (15 kB)
Collecting google-cloud-resource-manager<3.0.0,>=1.3.3 (from google-cloud-aiplatform->-r requirements.txt (line 3))
  Downloading google_cloud_resource_manager-1.17.0-py3-none-any.whl.metadata (9.7 kB)
Collecting google-genai<2.0.0,>=1.59.0 (from google-cloud-aiplatform->-r requirements.txt (line 3))
  Downloading google_genai-1.70.0-py3-none-any.whl.metadata (52 kB)
Collecting docstring_parser<1 (from google-cloud-aiplatform->-r requirements.txt (line 3))
  Downloading docstring_parser-0.17.0-py3-none-any.whl.metadata (3.5 kB)
Collecting google-cloud-core<3.0.0,>=2.4.1 (from google-cloud-bigquery->-r requirements.txt (line 4))
  Downloading google_cloud_core-2.5.1-py3-none-any.whl.metadata (2.8 kB)
Collecting google-resumable-media<3.0.0,>=2.0.0 (from google-cloud-bigquery->-r requirements.txt (line 4))
  Downloading google_resumable_media-2.8.2-py3-none-any.whl.metadata (2.2 kB)
Collecting python-dateutil<3.0.0,>=2.8.2 (from google-cloud-bigquery->-r requirements.txt (line 4))
  Using cached python_dateutil-2.9.0.post0-py2.py3-none-any.whl.metadata (8.4 kB)
Collecting requests<3.0.0,>=2.21.0 (from google-cloud-bigquery->-r requirements.txt (line 4))
  Downloading requests-2.33.1-py3-none-any.whl.metadata (4.8 kB)
Collecting annotated-types>=0.6.0 (from pydantic->-r requirements.txt (line 5))
  Downloading annotated_types-0.7.0-py3-none-any.whl.metadata (15 kB)
Collecting pydantic-core==2.41.5 (from pydantic->-r requirements.txt (line 5))
  Downloading pydantic_core-2.41.5-cp312-cp312-manylinux_2_17_x86_64.manylinux2014_x86_64.whl.metadata (7.3 kB)
Collecting bcrypt>=3.1.0 (from passlib[bcrypt]->-r requirements.txt (line 8))
  Downloading bcrypt-5.0.0-cp39-abi3-manylinux_2_34_x86_64.whl.metadata (10 kB)
Collecting googleapis-common-protos<2.0.0,>=1.63.2 (from google-api-core!=2.0.*,!=2.1.*,!=2.2.*,!=2.3.*,!=2.4.*,!=2.5.*,!=2.6.*,!=2.7.*,<3.0.0,>=1.34.1->google-api-core[grpc]!=2.0.*,!=2.1.*,!=2.2.*,!=2.3.*,!=2.4.*,!=2.5.*,!=2.6.*,!=2.7.*,<3.0.0,>=1.34.1->google-cloud-aiplatform->-r requirements.txt (line 3))
  Downloading googleapis_common_protos-1.74.0-py3-none-any.whl.metadata (9.2 kB)
Collecting grpcio<2.0.0,>=1.33.2 (from google-api-core[grpc]!=2.0.*,!=2.1.*,!=2.2.*,!=2.3.*,!=2.4.*,!=2.5.*,!=2.6.*,!=2.7.*,<3.0.0,>=1.34.1->google-cloud-aiplatform->-r requirements.txt (line 3))
  Downloading grpcio-1.80.0-cp312-cp312-manylinux2014_x86_64.manylinux_2_17_x86_64.whl.metadata (3.8 kB)
Collecting grpcio-status<2.0.0,>=1.33.2 (from google-api-core[grpc]!=2.0.*,!=2.1.*,!=2.2.*,!=2.3.*,!=2.4.*,!=2.5.*,!=2.6.*,!=2.7.*,<3.0.0,>=1.34.1->google-cloud-aiplatform->-r requirements.txt (line 3))
  Downloading grpcio_status-1.80.0-py3-none-any.whl.metadata (1.3 kB)
Collecting pyasn1-modules>=0.2.1 (from google-auth<3.0.0,>=2.47.0->google-cloud-aiplatform->-r requirements.txt (line 3))
  Downloading pyasn1_modules-0.4.2-py3-none-any.whl.metadata (3.5 kB)
Collecting cryptography>=38.0.3 (from google-auth<3.0.0,>=2.47.0->google-cloud-aiplatform->-r requirements.txt (line 3))
  Downloading cryptography-46.0.6-cp311-abi3-manylinux_2_34_x86_64.whl.metadata (5.7 kB)
Collecting grpc-google-iam-v1<1.0.0,>=0.14.0 (from google-cloud-resource-manager<3.0.0,>=1.3.3->google-cloud-aiplatform->-r requirements.txt (line 3))
  Downloading grpc_google_iam_v1-0.14.4-py3-none-any.whl.metadata (9.1 kB)
Collecting google-crc32c<2.0.0,>=1.1.3 (from google-cloud-storage<4.0.0,>=1.32.0->google-cloud-aiplatform->-r requirements.txt (line 3))
  Downloading google_crc32c-1.8.0-cp312-cp312-manylinux1_x86_64.manylinux2014_x86_64.manylinux_2_17_x86_64.manylinux_2_5_x86_64.whl.metadata (1.7 kB)
Collecting anyio<5.0.0,>=4.8.0 (from google-genai<2.0.0,>=1.59.0->google-cloud-aiplatform->-r requirements.txt (line 3))
  Downloading anyio-4.13.0-py3-none-any.whl.metadata (4.5 kB)
Collecting httpx<1.0.0,>=0.28.1 (from google-genai<2.0.0,>=1.59.0->google-cloud-aiplatform->-r requirements.txt (line 3))
  Using cached httpx-0.28.1-py3-none-any.whl.metadata (7.1 kB)
Collecting tenacity<9.2.0,>=8.2.3 (from google-genai<2.0.0,>=1.59.0->google-cloud-aiplatform->-r requirements.txt (line 3))
  Downloading tenacity-9.1.4-py3-none-any.whl.metadata (1.2 kB)
Collecting websockets<17.0,>=13.0.0 (from google-genai<2.0.0,>=1.59.0->google-cloud-aiplatform->-r requirements.txt (line 3))
  Downloading websockets-16.0-cp312-cp312-manylinux1_x86_64.manylinux_2_28_x86_64.manylinux_2_5_x86_64.whl.metadata (6.8 kB)
Collecting distro<2,>=1.7.0 (from google-genai<2.0.0,>=1.59.0->google-cloud-aiplatform->-r requirements.txt (line 3))
  Using cached distro-1.9.0-py3-none-any.whl.metadata (6.8 kB)
Collecting sniffio (from google-genai<2.0.0,>=1.59.0->google-cloud-aiplatform->-r requirements.txt (line 3))
  Downloading sniffio-1.3.1-py3-none-any.whl.metadata (3.9 kB)
Collecting six>=1.5 (from python-dateutil<3.0.0,>=2.8.2->google-cloud-bigquery->-r requirements.txt (line 4))
  Using cached six-1.17.0-py2.py3-none-any.whl.metadata (1.7 kB)
Collecting charset_normalizer<4,>=2 (from requests<3.0.0,>=2.21.0->google-cloud-bigquery->-r requirements.txt (line 4))
  Downloading charset_normalizer-3.4.7-cp312-cp312-manylinux2014_x86_64.manylinux_2_17_x86_64.manylinux_2_28_x86_64.whl.metadata (40 kB)
Collecting idna<4,>=2.5 (from requests<3.0.0,>=2.21.0->google-cloud-bigquery->-r requirements.txt (line 4))
  Using cached idna-3.11-py3-none-any.whl.metadata (8.4 kB)
Collecting urllib3<3,>=1.26 (from requests<3.0.0,>=2.21.0->google-cloud-bigquery->-r requirements.txt (line 4))
  Using cached urllib3-2.6.3-py3-none-any.whl.metadata (6.9 kB)
Collecting certifi>=2023.5.7 (from requests<3.0.0,>=2.21.0->google-cloud-bigquery->-r requirements.txt (line 4))
  Using cached certifi-2026.2.25-py3-none-any.whl.metadata (2.5 kB)
Collecting cffi>=2.0.0 (from cryptography>=38.0.3->google-auth<3.0.0,>=2.47.0->google-cloud-aiplatform->-r requirements.txt (line 3))
  Using cached cffi-2.0.0-cp312-cp312-manylinux2014_x86_64.manylinux_2_17_x86_64.whl.metadata (2.6 kB)
Collecting httpcore==1.* (from httpx<1.0.0,>=0.28.1->google-genai<2.0.0,>=1.59.0->google-cloud-aiplatform->-r requirements.txt (line 3))
  Using cached httpcore-1.0.9-py3-none-any.whl.metadata (21 kB)
Collecting pyasn1<0.7.0,>=0.6.1 (from pyasn1-modules>=0.2.1->google-auth<3.0.0,>=2.47.0->google-cloud-aiplatform->-r requirements.txt (line 3))
  Downloading pyasn1-0.6.3-py3-none-any.whl.metadata (8.4 kB)
Collecting pycparser (from cffi>=2.0.0->cryptography>=38.0.3->google-auth<3.0.0,>=2.47.0->google-cloud-aiplatform->-r requirements.txt (line 3))
  Using cached pycparser-3.0-py3-none-any.whl.metadata (8.2 kB)
Downloading fastapi-0.135.3-py3-none-any.whl (117 kB)
Downloading uvicorn-0.42.0-py3-none-any.whl (68 kB)
Downloading google_cloud_aiplatform-1.145.0-py2.py3-none-any.whl (8.4 MB)
   ━━━━━━━━━━━━━━━━━━━━━━━━━━━━━━━━━━━━━━━━ 8.4/8.4 MB 46.8 MB/s eta 0:00:00
Downloading google_cloud_bigquery-3.41.0-py3-none-any.whl (262 kB)
Downloading pydantic-2.12.5-py3-none-any.whl (463 kB)
Downloading pydantic_core-2.41.5-cp312-cp312-manylinux_2_17_x86_64.manylinux2014_x86_64.whl (2.1 MB)
   ━━━━━━━━━━━━━━━━━━━━━━━━━━━━━━━━━━━━━━━━ 2.1/2.1 MB 89.9 MB/s eta 0:00:00
Downloading python_dotenv-1.2.2-py3-none-any.whl (22 kB)
Downloading pydantic_settings-2.13.1-py3-none-any.whl (58 kB)
Downloading pyjwt-2.12.1-py3-none-any.whl (29 kB)
Downloading python_multipart-0.0.22-py3-none-any.whl (24 kB)
Downloading annotated_doc-0.0.4-py3-none-any.whl (5.3 kB)
Downloading annotated_types-0.7.0-py3-none-any.whl (13 kB)
Downloading bcrypt-5.0.0-cp39-abi3-manylinux_2_34_x86_64.whl (278 kB)
Using cached click-8.3.1-py3-none-any.whl (108 kB)
Downloading docstring_parser-0.17.0-py3-none-any.whl (36 kB)
Downloading google_api_core-2.30.2-py3-none-any.whl (173 kB)
Downloading google_auth-2.49.1-py3-none-any.whl (240 kB)
Downloading google_cloud_core-2.5.1-py3-none-any.whl (29 kB)
Downloading google_cloud_resource_manager-1.17.0-py3-none-any.whl (404 kB)
Downloading google_cloud_storage-3.10.1-py3-none-any.whl (324 kB)
Downloading google_genai-1.70.0-py3-none-any.whl (760 kB)
   ━━━━━━━━━━━━━━━━━━━━━━━━━━━━━━━━━━━━━━━━ 760.6/760.6 kB 30.1 MB/s eta 0:00:00
Downloading google_resumable_media-2.8.2-py3-none-any.whl (81 kB)
Using cached h11-0.16.0-py3-none-any.whl (37 kB)
Using cached packaging-26.0-py3-none-any.whl (74 kB)
Downloading proto_plus-1.27.2-py3-none-any.whl (50 kB)
Downloading protobuf-6.33.6-cp39-abi3-manylinux2014_x86_64.whl (323 kB)
Using cached python_dateutil-2.9.0.post0-py2.py3-none-any.whl (229 kB)
Downloading requests-2.33.1-py3-none-any.whl (64 kB)
Downloading starlette-1.0.0-py3-none-any.whl (72 kB)
Using cached typing_extensions-4.15.0-py3-none-any.whl (44 kB)
Downloading typing_inspection-0.4.2-py3-none-any.whl (14 kB)
Downloading passlib-1.7.4-py2.py3-none-any.whl (525 kB)
   ━━━━━━━━━━━━━━━━━━━━━━━━━━━━━━━━━━━━━━━━ 525.6/525.6 kB 17.9 MB/s eta 0:00:00
Downloading anyio-4.13.0-py3-none-any.whl (114 kB)
Using cached certifi-2026.2.25-py3-none-any.whl (153 kB)
Downloading charset_normalizer-3.4.7-cp312-cp312-manylinux2014_x86_64.manylinux_2_17_x86_64.manylinux_2_28_x86_64.whl (216 kB)
Downloading cryptography-46.0.6-cp311-abi3-manylinux_2_34_x86_64.whl (4.5 MB)
   ━━━━━━━━━━━━━━━━━━━━━━━━━━━━━━━━━━━━━━━━ 4.5/4.5 MB 35.0 MB/s eta 0:00:00
Using cached distro-1.9.0-py3-none-any.whl (20 kB)
Downloading google_crc32c-1.8.0-cp312-cp312-manylinux1_x86_64.manylinux2014_x86_64.manylinux_2_17_x86_64.manylinux_2_5_x86_64.whl (33 kB)
Downloading googleapis_common_protos-1.74.0-py3-none-any.whl (300 kB)
Downloading grpc_google_iam_v1-0.14.4-py3-none-any.whl (32 kB)
Downloading grpcio-1.80.0-cp312-cp312-manylinux2014_x86_64.manylinux_2_17_x86_64.whl (6.8 MB)
   ━━━━━━━━━━━━━━━━━━━━━━━━━━━━━━━━━━━━━━━━ 6.8/6.8 MB 42.3 MB/s eta 0:00:00
Downloading grpcio_status-1.80.0-py3-none-any.whl (14 kB)
Using cached httpx-0.28.1-py3-none-any.whl (73 kB)
Using cached httpcore-1.0.9-py3-none-any.whl (78 kB)
Using cached idna-3.11-py3-none-any.whl (71 kB)
Downloading pyasn1_modules-0.4.2-py3-none-any.whl (181 kB)
Using cached six-1.17.0-py2.py3-none-any.whl (11 kB)
Downloading tenacity-9.1.4-py3-none-any.whl (28 kB)
Using cached urllib3-2.6.3-py3-none-any.whl (131 kB)
Downloading websockets-16.0-cp312-cp312-manylinux1_x86_64.manylinux_2_28_x86_64.manylinux_2_5_x86_64.whl (184 kB)
Downloading sniffio-1.3.1-py3-none-any.whl (10 kB)
Using cached cffi-2.0.0-cp312-cp312-manylinux2014_x86_64.manylinux_2_17_x86_64.whl (219 kB)
Downloading pyasn1-0.6.3-py3-none-any.whl (83 kB)
Using cached pycparser-3.0-py3-none-any.whl (48 kB)
Installing collected packages: passlib, websockets, urllib3, typing-extensions, tenacity, sniffio, six, python-multipart, python-dotenv, pyjwt, pycparser, pyasn1, protobuf, packaging, idna, h11, google-crc32c, docstring_parser, distro, click, charset_normalizer, certifi, bcrypt, annotated-types, annotated-doc, uvicorn, typing-inspection, requests, python-dateutil, pydantic-core, pyasn1-modules, proto-plus, httpcore, grpcio, googleapis-common-protos, google-resumable-media, cffi, anyio, starlette, pydantic, httpx, grpcio-status, cryptography, pydantic-settings, grpc-google-iam-v1, google-auth, fastapi, google-api-core, google-genai, google-cloud-core, google-cloud-storage, google-cloud-resource-manager, google-cloud-bigquery, google-cloud-aiplatform
Successfully installed annotated-doc-0.0.4 annotated-types-0.7.0 anyio-4.13.0 bcrypt-5.0.0 certifi-2026.2.25 cffi-2.0.0 charset_normalizer-3.4.7 click-8.3.1 cryptography-46.0.6 distro-1.9.0 docstring_parser-0.17.0 fastapi-0.135.3 google-api-core-2.30.2 google-auth-2.49.1 google-cloud-aiplatform-1.145.0 google-cloud-bigquery-3.41.0 google-cloud-core-2.5.1 google-cloud-resource-manager-1.17.0 google-cloud-storage-3.10.1 google-crc32c-1.8.0 google-genai-1.70.0 google-resumable-media-2.8.2 googleapis-common-protos-1.74.0 grpc-google-iam-v1-0.14.4 grpcio-1.80.0 grpcio-status-1.80.0 h11-0.16.0 httpcore-1.0.9 httpx-0.28.1 idna-3.11 packaging-26.0 passlib-1.7.4 proto-plus-1.27.2 protobuf-6.33.6 pyasn1-0.6.3 pyasn1-modules-0.4.2 pycparser-3.0 pydantic-2.12.5 pydantic-core-2.41.5 pydantic-settings-2.13.1 pyjwt-2.12.1 python-dateutil-2.9.0.post0 python-dotenv-1.2.2 python-multipart-0.0.22 requests-2.33.1 six-1.17.0 sniffio-1.3.1 starlette-1.0.0 tenacity-9.1.4 typing-extensions-4.15.0 typing-inspection-0.4.2 urllib3-2.6.3 uvicorn-0.42.0 websockets-16.0

[notice] A new release of pip is available: 25.0.1 -> 26.0.1
[notice] To update, run: pip install --upgrade pip
Starting FastAPI Backend...

[2/3] Setting up Frontend...
Creating frontend .env from .env.example...
Installing frontend dependencies...
INFO:     Will watch for changes in these directories: ['/app/backend']
INFO:     Uvicorn running on http://127.0.0.1:8080 (Press CTRL+C to quit)
INFO:     Started reloader process [84277] using StatReload
Failed to initialize BigQuery client: Your default credentials were not found. To set up Application Default Credentials, see https://cloud.google.com/docs/authentication/external/set-up-adc for more information.
npm warn deprecated inflight@1.0.6: This module is not supported, and leaks memory. Do not use it. Check out lru-cache if you want a good and tested way to coalesce async requests by a key value, which is much more comprehensive and powerful.
npm warn deprecated glob@7.2.3: Old versions of glob are not supported, and contain widely publicized security vulnerabilities, which have been fixed in the current version. Please update. Support for old versions may be purchased (at exorbitant rates) by contacting i@izs.me
npm warn deprecated rimraf@3.0.2: Rimraf versions prior to v4 are no longer supported
npm warn deprecated @humanwhocodes/config-array@0.13.0: Use @eslint/config-array instead
npm warn deprecated @humanwhocodes/object-schema@2.0.3: Use @eslint/object-schema instead
npm warn deprecated glob@10.3.10: Old versions of glob are not supported, and contain widely publicized security vulnerabilities, which have been fixed in the current version. Please update. Support for old versions may be purchased (at exorbitant rates) by contacting i@izs.me
/app/backend/venv/lib/python3.12/site-packages/vertexai/generative_models/_generative_models.py:433: UserWarning: This feature is deprecated as of June 24, 2025 and will be removed on June 24, 2026. For details, see https://cloud.google.com/vertex-ai/generative-ai/docs/deprecations/genai-vertexai-sdk.
  warning_logs.show_deprecation_warning()
INFO:     Started server process [84289]
INFO:     Waiting for application startup.
INFO:     Application startup complete.
npm warn deprecated eslint@8.57.1: This version is no longer supported. Please see https://eslint.org/version-support for other options.

added 513 packages, and audited 514 packages in 36s

241 packages are looking for funding
  run `npm fund` for details

4 high severity vulnerabilities

To address all issues (including breaking changes), run:
  npm audit fix --force

Run `npm audit` for details.
npm notice
npm notice New minor version of npm available! 11.11.0 -> 11.12.1
npm notice Changelog: https://github.com/npm/cli/releases/tag/v11.12.1
npm notice To update run: npm install -g npm@11.12.1
npm notice
Starting Next.js Frontend...

[3/3] System is running!
Backend: http://localhost:8080
Frontend: http://localhost:3000
Press Ctrl+C to stop both servers.

> frontend@0.1.0 dev
> next dev

 ⨯ Failed to start server
Error: listen EADDRINUSE: address already in use :::8080
    at Server.setupListenHandle [as _listen2] (node:net:1940:16)
    at listenInCluster (node:net:1997:12)
    at Server.listen (node:net:2102:7)
    at /app/frontend/node_modules/next/dist/server/lib/start-server.js:280:16
    at new Promise (<anonymous>)
    at startServer (/app/frontend/node_modules/next/dist/server/lib/start-server.js:191:11)
    at /app/frontend/node_modules/next/dist/server/lib/start-server.js:310:52
    at Span.traceAsyncFn (/app/frontend/node_modules/next/dist/trace/trace.js:154:26)
    at process.<anonymous> (/app/frontend/node_modules/next/dist/server/lib/start-server.js:310:35)
    at process.emit (node:events:519:28) {
  code: 'EADDRINUSE',
  errno: -98,
  syscall: 'listen',
  address: '::',
  port: 8080
}
Attention: Next.js now collects completely anonymous telemetry regarding usage.
This information is used to shape Next.js' roadmap and prioritize features.
You can learn more, including how to opt-out if you'd not like to participate in this anonymous program, by visiting the following URL:
https://nextjs.org/telemetry

[?25h
INFO:     Shutting down
INFO:     Waiting for application shutdown.
INFO:     Application shutdown complete.
INFO:     Finished server process [84289]
INFO:     Stopping reloader process [84277]
